#
# There is insufficient memory for the Java Runtime Environment to continue.
# Native memory allocation (mmap) failed to map 67108864 bytes for G1 virtual space
# Possible reasons:
#   The system is out of physical RAM or swap space
#   The process is running with CompressedOops enabled, and the Java Heap may be blocking the growth of the native heap
# Possible solutions:
#   Reduce memory load on the system
#   Increase physical memory or swap space
#   Check if swap backing store is full
#   Decrease Java heap size (-Xmx/-Xms)
#   Decrease number of Java threads
#   Decrease Java thread stack sizes (-Xss)
#   Set larger code cache with -XX:ReservedCodeCacheSize=
#   JVM is running with Unscaled Compressed Oops mode in which the Java heap is
#     placed in the first 4GB address space. The Java Heap base address is the
#     maximum limit for the native heap growth. Please use -XX:HeapBaseMinAddress
#     to set the Java Heap base and to place the Java Heap above 4GB virtual address.
# This output file may be truncated or incomplete.
#
#  Out of Memory Error (os_windows.cpp:3541), pid=16652, tid=11520
#
# JRE version:  (17.0.5+9) (build )
# Java VM: Java HotSpot(TM) 64-Bit Server VM (17.0.5+9-LTS-191, mixed mode, sharing, tiered, compressed oops, compressed class ptrs, g1 gc, windows-amd64)
# No core dump will be written. Minidumps are not enabled by default on client versions of Windows
#

---------------  S U M M A R Y ------------

Command Line: -Dfile.encoding=UTF-8 --module-path=C:\Cursos_Java\iwtraining\JavaSpringAngular\Vendas\bin -XX:+ShowCodeDetailsInExceptionMessages -Djdk.module.main=Vendas Vendas/estoque.ProjetoMain

Host: Intel(R) Celeron(R) 3205U @ 1.50GHz, 2 cores, 3G,  Windows 10 , 64 bit Build 19041 (10.0.19041.1889)
Time: Wed Nov  9 18:58:07 2022 Hora oficial do Brasil elapsed time: 0.100861 seconds (0d 0h 0m 0s)

---------------  T H R E A D  ---------------

Current thread (0x000001dad6bb4320):  JavaThread "Unknown thread" [_thread_in_vm, id=11520, stack(0x000000bed2400000,0x000000bed2500000)]

Stack: [0x000000bed2400000,0x000000bed2500000]
Native frames: (J=compiled Java code, j=interpreted, Vv=VM code, C=native code)
V  [jvm.dll+0x672eea]
V  [jvm.dll+0x7d2a04]
V  [jvm.dll+0x7d41ae]
V  [jvm.dll+0x7d4813]
V  [jvm.dll+0x242c15]
V  [jvm.dll+0x66fe09]
V  [jvm.dll+0x664682]
V  [jvm.dll+0x300e8b]
V  [jvm.dll+0x308426]
V  [jvm.dll+0x357ffe]
V  [jvm.dll+0x35822f]
V  [jvm.dll+0x2d80a8]
V  [jvm.dll+0x2d9014]
V  [jvm.dll+0x7a44e1]
V  [jvm.dll+0x365df1]
V  [jvm.dll+0x7838fc]
V  [jvm.dll+0x3e873f]
V  [jvm.dll+0x3ea1e1]
C  [jli.dll+0x527b]
C  [ucrtbase.dll+0x21bb2]
C  [KERNEL32.DLL+0x17034]
C  [ntdll.dll+0x526a1]


---------------  P R O C E S S  ---------------

Threads class SMR info:
_java_thread_list=0x00007ff8d418a8d8, length=0, elements={
}

Java Threads: ( => current thread )

Other Threads:
  0x000001dad6bee520 GCTaskThread "GC Thread#0" [stack: 0x000000bed2500000,0x000000bed2600000] [id=15944]
  0x000001dad6bf71a0 ConcurrentGCThread "G1 Main Marker" [stack: 0x000000bed2600000,0x000000bed2700000] [id=17752]
  0x000001dad6bf8560 ConcurrentGCThread "G1 Conc#0" [stack: 0x000000bed2700000,0x000000bed2800000] [id=3936]

[error occurred during error reporting (printing all threads), id 0xc0000005, EXCEPTION_ACCESS_VIOLATION (0xc0000005) at pc=0x00007ff8d39d8a97]

VM state: not at safepoint (not fully initialized)

VM Mutex/Monitor currently owned by a thread:  ([mutex/lock_event])
[0x000001dad6bae120] Heap_lock - owner thread: 0x000001dad6bb4320

Heap address: 0x00000000c1600000, size: 1002 MB, Compressed Oops mode: 32-bit

CDS archive(s) mapped at: [0x0000000000000000-0x0000000000000000-0x0000000000000000), size 0, SharedBaseAddress: 0x0000000800000000, ArchiveRelocationMode: 0.
Narrow klass base: 0x0000000000000000, Narrow klass shift: 0, Narrow klass range: 0x0

GC Precious Log:
<Empty>

Heap:
 garbage-first heap   total 0K, used 0K [0x00000000c1600000, 0x0000000100000000)
  region size 1024K, 0 young (0K), 0 survivors (0K)

[error occurred during error reporting (printing heap information), id 0xc0000005, EXCEPTION_ACCESS_VIOLATION (0xc0000005) at pc=0x00007ff8d3dbc399]

GC Heap History (0 events):
No events

Deoptimization events (0 events):
No events

Classes unloaded (0 events):
No events

Classes redefined (0 events):
No events

Internal exceptions (0 events):
No events

VM Operations (0 events):
No events

Events (1 events):
Event: 0.025 Loaded shared library C:\Program Files\Java\jdk-17.0.5\bin\java.dll


Dynamic libraries:
0x00007ff646080000 - 0x00007ff646090000 	C:\Program Files\Java\jdk-17.0.5\bin\javaw.exe
0x00007ff931510000 - 0x00007ff931708000 	C:\WINDOWS\SYSTEM32\ntdll.dll
0x00007ff90da60000 - 0x00007ff90da77000 	C:\Program Files\Avast Software\Avast\aswhook.dll
0x00007ff92f710000 - 0x00007ff92f7cd000 	C:\WINDOWS\System32\KERNEL32.DLL
0x00007ff92f020000 - 0x00007ff92f2f2000 	C:\WINDOWS\System32\KERNELBASE.dll
0x00007ff92ee70000 - 0x00007ff92ef70000 	C:\WINDOWS\System32\ucrtbase.dll
0x00007ff91e750000 - 0x00007ff91e768000 	C:\Program Files\Java\jdk-17.0.5\bin\jli.dll
0x00007ff9312f0000 - 0x00007ff93139e000 	C:\WINDOWS\System32\ADVAPI32.dll
0x00007ff92f570000 - 0x00007ff92f60e000 	C:\WINDOWS\System32\msvcrt.dll
0x00007ff9307f0000 - 0x00007ff93088c000 	C:\WINDOWS\System32\sechost.dll
0x00007ff931130000 - 0x00007ff931255000 	C:\WINDOWS\System32\RPCRT4.dll
0x00007ff930410000 - 0x00007ff9305ad000 	C:\WINDOWS\System32\USER32.dll
0x00007ff92f540000 - 0x00007ff92f562000 	C:\WINDOWS\System32\win32u.dll
0x00007ff930c70000 - 0x00007ff930c9b000 	C:\WINDOWS\System32\GDI32.dll
0x00007ff92f300000 - 0x00007ff92f40f000 	C:\WINDOWS\System32\gdi32full.dll
0x00007ff92f410000 - 0x00007ff92f4ad000 	C:\WINDOWS\System32\msvcp_win.dll
0x00007ff91d0b0000 - 0x00007ff91d0ca000 	C:\Program Files\Java\jdk-17.0.5\bin\VCRUNTIME140.dll
0x00007ff91c170000 - 0x00007ff91c40a000 	C:\WINDOWS\WinSxS\amd64_microsoft.windows.common-controls_6595b64144ccf1df_6.0.19041.1110_none_60b5254171f9507e\COMCTL32.dll
0x00007ff924f80000 - 0x00007ff924f8a000 	C:\WINDOWS\SYSTEM32\VERSION.dll
0x00007ff931260000 - 0x00007ff931290000 	C:\WINDOWS\System32\IMM32.DLL
0x00007ff928ef0000 - 0x00007ff928efc000 	C:\Program Files\Java\jdk-17.0.5\bin\vcruntime140_1.dll
0x00007ff9046a0000 - 0x00007ff90472d000 	C:\Program Files\Java\jdk-17.0.5\bin\msvcp140.dll
0x00007ff8d36f0000 - 0x00007ff8d42b2000 	C:\Program Files\Java\jdk-17.0.5\bin\server\jvm.dll
0x00007ff9305b0000 - 0x00007ff9305b8000 	C:\WINDOWS\System32\PSAPI.DLL
0x00007ff917ae0000 - 0x00007ff917ae9000 	C:\WINDOWS\SYSTEM32\WSOCK32.dll
0x00007ff930940000 - 0x00007ff9309ab000 	C:\WINDOWS\System32\WS2_32.dll
0x00007ff917620000 - 0x00007ff917647000 	C:\WINDOWS\SYSTEM32\WINMM.dll
0x00007ff92ca00000 - 0x00007ff92ca12000 	C:\WINDOWS\SYSTEM32\kernel.appcore.dll
0x00007ff927f00000 - 0x00007ff927f0a000 	C:\Program Files\Java\jdk-17.0.5\bin\jimage.dll
0x00007ff926b00000 - 0x00007ff926ce4000 	C:\WINDOWS\SYSTEM32\DBGHELP.DLL
0x00007ff926ad0000 - 0x00007ff926afc000 	C:\WINDOWS\SYSTEM32\dbgcore.DLL
0x00007ff92f4b0000 - 0x00007ff92f532000 	C:\WINDOWS\System32\bcryptPrimitives.dll
0x00007ff918110000 - 0x00007ff918135000 	C:\Program Files\Java\jdk-17.0.5\bin\java.dll

dbghelp: loaded successfully - version: 4.0.5 - missing functions: none
symbol engine: initialized successfully - sym options: 0x614 - pdb path: .;C:\Program Files\Java\jdk-17.0.5\bin;C:\WINDOWS\SYSTEM32;C:\Program Files\Avast Software\Avast;C:\WINDOWS\WinSxS\amd64_microsoft.windows.common-controls_6595b64144ccf1df_6.0.19041.1110_none_60b5254171f9507e;C:\Program Files\Java\jdk-17.0.5\bin\server

VM Arguments:
jvm_args: -Dfile.encoding=UTF-8 --module-path=C:\Cursos_Java\iwtraining\JavaSpringAngular\Vendas\bin -XX:+ShowCodeDetailsInExceptionMessages -Djdk.module.main=Vendas 
java_command: Vendas/estoque.ProjetoMain
java_class_path (initial): C:\Users\SOFTWARES\.p2\pool\plugins\junit-jupiter-api_5.9.0.jar;C:\Users\SOFTWARES\.p2\pool\plugins\junit-jupiter-engine_5.9.0.jar;C:\Users\SOFTWARES\.p2\pool\plugins\junit-jupiter-migrationsupport_5.9.0.jar;C:\Users\SOFTWARES\.p2\pool\plugins\junit-jupiter-params_5.9.0.jar;C:\Users\SOFTWARES\.p2\pool\plugins\junit-platform-commons_1.9.0.jar;C:\Users\SOFTWARES\.p2\pool\plugins\junit-platform-engine_1.9.0.jar;C:\Users\SOFTWARES\.p2\pool\plugins\junit-platform-launcher_1.9.0.jar;C:\Users\SOFTWARES\.p2\pool\plugins\junit-platform-runner_1.9.0.jar;C:\Users\SOFTWARES\.p2\pool\plugins\junit-platform-suite-api_1.9.0.jar;C:\Users\SOFTWARES\.p2\pool\plugins\junit-platform-suite-engine_1.9.0.jar;C:\Users\SOFTWARES\.p2\pool\plugins\junit-platform-suite-commons_1.9.0.jar;C:\Users\SOFTWARES\.p2\pool\plugins\junit-vintage-engine_5.9.0.jar;C:\Users\SOFTWARES\.p2\pool\plugins\org.opentest4j_1.2.0.jar;C:\Users\SOFTWARES\.p2\pool\plugins\org.apiguardian.api_1.1.2.jar;C:\Users\SOFTWARES\.p2\pool\plugins\org.junit_4.13.2.v20211018-1956.jar;C:\Users\SOFTWARES\.p2\pool\plugins\org.hamcrest.core_1.3.0.v20180420-1519.jar
Launcher Type: SUN_STANDARD

[Global flags]
     intx CICompilerCount                          = 2                                         {product} {ergonomic}
     uint ConcGCThreads                            = 1                                         {product} {ergonomic}
     uint G1ConcRefinementThreads                  = 2                                         {product} {ergonomic}
   size_t G1HeapRegionSize                         = 1048576                                   {product} {ergonomic}
    uintx GCDrainStackTargetSize                   = 64                                        {product} {ergonomic}
   size_t InitialHeapSize                          = 67108864                                  {product} {ergonomic}
   size_t MarkStackSize                            = 4194304                                   {product} {ergonomic}
   size_t MaxHeapSize                              = 1050673152                                {product} {ergonomic}
   size_t MinHeapDeltaBytes                        = 1048576                                   {product} {ergonomic}
   size_t MinHeapSize                              = 8388608                                   {product} {ergonomic}
    uintx NonNMethodCodeHeapSize                   = 5826188                                {pd product} {ergonomic}
    uintx NonProfiledCodeHeapSize                  = 122916026                              {pd product} {ergonomic}
    uintx ProfiledCodeHeapSize                     = 122916026                              {pd product} {ergonomic}
    uintx ReservedCodeCacheSize                    = 251658240                              {pd product} {ergonomic}
     bool SegmentedCodeCache                       = true                                      {product} {ergonomic}
     bool ShowCodeDetailsInExceptionMessages       = true                                   {manageable} {command line}
   size_t SoftMaxHeapSize                          = 1050673152                             {manageable} {ergonomic}
     bool UseCompressedClassPointers               = true                           {product lp64_product} {ergonomic}
     bool UseCompressedOops                        = true                           {product lp64_product} {ergonomic}
     bool UseG1GC                                  = true                                      {product} {ergonomic}
     bool UseLargePagesIndividualAllocation        = false                                  {pd product} {ergonomic}

Logging:
Log output configuration:
 #0: stdout all=warning uptime,level,tags
 #1: stderr all=off uptime,level,tags

Environment Variables:
JAVA_HOME=C:\Program Files\Java\jdk-11.0.15
PATH=C:\Program Files\Common Files\Oracle\Java\javapath;C:\WINDOWS\system32;C:\WINDOWS;C:\WINDOWS\System32\Wbem;C:\WINDOWS\System32\WindowsPowerShell\v1.0\;C:\WINDOWS\System32\OpenSSH\;C:\Program Files\Java\jdk-11.0.15\bin;C:\Program Files\nodejs\;C:\Program Files\Git\cmd;C:\apache-maven-3.8.6\bin;C:\Users\SOFTWARES\AppData\Local\Microsoft\WindowsApps;C:\Users\SOFTWARES\AppData\Local\GitHubDesktop\bin;C:\Fluxo de Caixa\GitHubDesktop\bin;C:\Users\SOFTWARES\AppData\Local\Programs\Microsoft VS Code\bin;C:\Users\SOFTWARES\AppData\Roaming\npm;C:\Program Files\heroku\bin;C:\Program Files\JetBrains\IntelliJ IDEA Community Edition 2022.2.3\bin;
USERNAME=SOFTWARES
OS=Windows_NT
PROCESSOR_IDENTIFIER=Intel64 Family 6 Model 61 Stepping 4, GenuineIntel



---------------  S Y S T E M  ---------------

OS:
 Windows 10 , 64 bit Build 19041 (10.0.19041.1889)
OS uptime: 25 days 14:47 hours

CPU: total 2 (initial active 2) (2 cores per cpu, 1 threads per core) family 6 model 61 stepping 4 microcode 0x2d, cx8, cmov, fxsr, mmx, 3dnowpref, sse, sse2, sse3, ssse3, sse4.1, sse4.2, popcnt, lzcnt, tsc, tscinvbit, erms, clmul, clflush

Memory: 4k page, system-wide physical 4007M (399M free)
TotalPageFile size 16295M (AvailPageFile size 55M)
current process WorkingSet (physical memory assigned to process): 10M, peak: 10M
current process commit charge ("private bytes"): 47M, peak: 111M

vm_info: Java HotSpot(TM) 64-Bit Server VM (17.0.5+9-LTS-191) for windows-amd64 JRE (17.0.5+9-LTS-191), built on Sep 13 2022 17:31:43 by "mach5one" with MS VC++ 16.8 / 16.9 (VS2019)

END.
